#
# There is insufficient memory for the Java Runtime Environment to continue.
# Native memory allocation (mmap) failed to map 536870912 bytes. Error detail: G1 virtual space
# Possible reasons:
#   The system is out of physical RAM or swap space
#   This process is running with CompressedOops enabled, and the Java Heap may be blocking the growth of the native heap
# Possible solutions:
#   Reduce memory load on the system
#   Increase physical memory or swap space
#   Check if swap backing store is full
#   Decrease Java heap size (-Xmx/-Xms)
#   Decrease number of Java threads
#   Decrease Java thread stack sizes (-Xss)
#   Set larger code cache with -XX:ReservedCodeCacheSize=
#   JVM is running with Zero Based Compressed Oops mode in which the Java heap is
#     placed in the first 32GB address space. The Java Heap base address is the
#     maximum limit for the native heap growth. Please use -XX:HeapBaseMinAddress
#     to set the Java Heap base and to place the Java Heap above 32GB virtual address.
# This output file may be truncated or incomplete.
#
#  Out of Memory Error (os_windows.cpp:3686), pid=47524, tid=46416
#
# JRE version:  (21.0.6+7) (build )
# Java VM: OpenJDK 64-Bit Server VM (21.0.6+7-LTS, mixed mode, sharing, tiered, compressed oops, compressed class ptrs, g1 gc, windows-amd64)
# No core dump will be written. Minidumps are not enabled by default on client versions of Windows
#

---------------  S U M M A R Y ------------

Command Line: -Dfile.encoding=UTF-8 -Dstdout.encoding=UTF-8 -Dstderr.encoding=UTF-8 -XX:+ShowCodeDetailsInExceptionMessages jeu.Jeu

Host: Intel(R) Core(TM) i9-10900KF CPU @ 3.70GHz, 20 cores, 31G,  Windows 11 , 64 bit Build 22621 (10.0.22621.4830)
Time: Sat Mar 22 22:02:43 2025 Paris, Madrid elapsed time: 0.024646 seconds (0d 0h 0m 0s)

---------------  T H R E A D  ---------------

Current thread (0x00000213721dff50):  JavaThread "Unknown thread" [_thread_in_vm, id=46416, stack(0x000000e9f6d00000,0x000000e9f6e00000) (1024K)]

Stack: [0x000000e9f6d00000,0x000000e9f6e00000]
Native frames: (J=compiled Java code, j=interpreted, Vv=VM code, C=native code)
V  [jvm.dll+0x6cdee9]
V  [jvm.dll+0x8a83d1]
V  [jvm.dll+0x8aa8fe]
V  [jvm.dll+0x8aafe3]
V  [jvm.dll+0x27f706]
V  [jvm.dll+0x6ca755]
V  [jvm.dll+0x6bea3a]
V  [jvm.dll+0x355d6a]
V  [jvm.dll+0x35d936]
V  [jvm.dll+0x3af58e]
V  [jvm.dll+0x3af838]
V  [jvm.dll+0x329efc]
V  [jvm.dll+0x32aa5b]
V  [jvm.dll+0x871639]
V  [jvm.dll+0x3bc361]
V  [jvm.dll+0x85a763]
V  [jvm.dll+0x45066e]
V  [jvm.dll+0x4522b1]
C  [jli.dll+0x5278]
C  [ucrtbase.dll+0x29333]
C  [KERNEL32.DLL+0x1259d]
C  [ntdll.dll+0x5af38]


---------------  P R O C E S S  ---------------

Threads class SMR info:
_java_thread_list=0x00007ffe01d4a0c8, length=0, elements={
}

Java Threads: ( => current thread )
Total: 0

Other Threads:
  0x00000213733ff330 WorkerThread "GC Thread#0"                     [id=46320, stack(0x000000e9f6e00000,0x000000e9f6f00000) (1024K)]
  0x000002137b8a4050 ConcurrentGCThread "G1 Main Marker"            [id=48840, stack(0x000000e9f6f00000,0x000000e9f7000000) (1024K)]
  0x000002137b8a4b50 WorkerThread "G1 Conc#0"                       [id=46656, stack(0x000000e9f7000000,0x000000e9f7100000) (1024K)]

[error occurred during error reporting (printing all threads), id 0xc0000005, EXCEPTION_ACCESS_VIOLATION (0xc0000005) at pc=0x00007ffe0144c827]
VM state: not at safepoint (not fully initialized)

VM Mutex/Monitor currently owned by a thread:  ([mutex/lock_event])
[0x00007ffe01dbe480] Heap_lock - owner thread: 0x00000213721dff50

Heap address: 0x0000000602000000, size: 8160 MB, Compressed Oops mode: Zero based, Oop shift amount: 3

CDS archive(s) mapped at: [0x0000000000000000-0x0000000000000000-0x0000000000000000), size 0, SharedBaseAddress: 0x0000000800000000, ArchiveRelocationMode: 1.
Narrow klass base: 0x0000000000000000, Narrow klass shift: 0, Narrow klass range: 0x0

GC Precious Log:
 CardTable entry size: 512
 Card Set container configuration: InlinePtr #cards 4 size 8 Array Of Cards #cards 32 size 80 Howl #buckets 8 coarsen threshold 7372 Howl Bitmap #cards 1024 size 144 coarsen threshold 921 Card regions per heap region 1 cards per card region 8192

Heap:
 garbage-first heap   total 0K, used 0K [0x0000000602000000, 0x0000000800000000)
  region size 4096K, 0 young (0K), 0 survivors (0K)

[error occurred during error reporting (printing heap information), id 0xc0000005, EXCEPTION_ACCESS_VIOLATION (0xc0000005) at pc=0x00007ffe018379b9]
GC Heap History (0 events):
No events

Dll operation events (1 events):
Event: 0.009 Loaded shared library C:\Users\Neo\.p2\pool\plugins\org.eclipse.justj.openjdk.hotspot.jre.full.win32.x86_64_21.0.6.v20250130-0529\jre\bin\java.dll

Deoptimization events (0 events):
No events

Classes loaded (0 events):
No events

Classes unloaded (0 events):
No events

Classes redefined (0 events):
No events

Internal exceptions (0 events):
No events

ZGC Phase Switch (0 events):
No events

VM Operations (0 events):
No events

Memory protections (0 events):
No events

Nmethod flushes (0 events):
No events

Events (0 events):
No events


Dynamic libraries:
0x00007ff632a00000 - 0x00007ff632a0e000 	C:\Users\Neo\.p2\pool\plugins\org.eclipse.justj.openjdk.hotspot.jre.full.win32.x86_64_21.0.6.v20250130-0529\jre\bin\javaw.exe
0x00007ffefb490000 - 0x00007ffefb6a7000 	C:\WINDOWS\SYSTEM32\ntdll.dll
0x00007ffef9ef0000 - 0x00007ffef9fb4000 	C:\WINDOWS\System32\KERNEL32.DLL
0x00007ffef8d30000 - 0x00007ffef9100000 	C:\WINDOWS\System32\KERNELBASE.dll
0x00007ffeaa4b0000 - 0x00007ffeaa58c000 	C:\Program Files\Bitdefender\Bitdefender Security\bdhkm\dlls_267531892303423452\bdhkm64.dll
0x00007ffea9f30000 - 0x00007ffeaa0f5000 	C:\Program Files\Bitdefender\Bitdefender Security\atcuf\dlls_267673781231227090\atcuf64.dll
0x00007ffef88e0000 - 0x00007ffef89f1000 	C:\WINDOWS\System32\ucrtbase.dll
0x00007ffec98e0000 - 0x00007ffec98f8000 	C:\Users\Neo\.p2\pool\plugins\org.eclipse.justj.openjdk.hotspot.jre.full.win32.x86_64_21.0.6.v20250130-0529\jre\bin\jli.dll
0x00007ffefad10000 - 0x00007ffefaebe000 	C:\WINDOWS\System32\USER32.dll
0x00007ffef8be0000 - 0x00007ffef8c06000 	C:\WINDOWS\System32\win32u.dll
0x00007ffefa040000 - 0x00007ffefa069000 	C:\WINDOWS\System32\GDI32.dll
0x00007ffef8ac0000 - 0x00007ffef8bdb000 	C:\WINDOWS\System32\gdi32full.dll
0x00007ffef8c10000 - 0x00007ffef8caa000 	C:\WINDOWS\System32\msvcp_win.dll
0x00007ffec7960000 - 0x00007ffec797e000 	C:\Users\Neo\.p2\pool\plugins\org.eclipse.justj.openjdk.hotspot.jre.full.win32.x86_64_21.0.6.v20250130-0529\jre\bin\VCRUNTIME140.dll
0x00007ffee32f0000 - 0x00007ffee3582000 	C:\WINDOWS\WinSxS\amd64_microsoft.windows.common-controls_6595b64144ccf1df_6.0.22621.4830_none_270fe7d773858e80\COMCTL32.dll
0x00007ffefa150000 - 0x00007ffefa1f7000 	C:\WINDOWS\System32\msvcrt.dll
0x00007ffef9ae0000 - 0x00007ffef9b11000 	C:\WINDOWS\System32\IMM32.DLL
0x00007ffec86e0000 - 0x00007ffec86ec000 	C:\Users\Neo\.p2\pool\plugins\org.eclipse.justj.openjdk.hotspot.jre.full.win32.x86_64_21.0.6.v20250130-0529\jre\bin\vcruntime140_1.dll
0x00007ffec59c0000 - 0x00007ffec5a4d000 	C:\Users\Neo\.p2\pool\plugins\org.eclipse.justj.openjdk.hotspot.jre.full.win32.x86_64_21.0.6.v20250130-0529\jre\bin\msvcp140.dll
0x00007ffe01110000 - 0x00007ffe01ea0000 	C:\Users\Neo\.p2\pool\plugins\org.eclipse.justj.openjdk.hotspot.jre.full.win32.x86_64_21.0.6.v20250130-0529\jre\bin\server\jvm.dll
0x00007ffefa090000 - 0x00007ffefa141000 	C:\WINDOWS\System32\ADVAPI32.dll
0x00007ffef9900000 - 0x00007ffef99a7000 	C:\WINDOWS\System32\sechost.dll
0x00007ffef8740000 - 0x00007ffef8768000 	C:\WINDOWS\System32\bcrypt.dll
0x00007ffefa360000 - 0x00007ffefa474000 	C:\WINDOWS\System32\RPCRT4.dll
0x00007ffef9fc0000 - 0x00007ffefa031000 	C:\WINDOWS\System32\WS2_32.dll
0x00007ffef8460000 - 0x00007ffef84ad000 	C:\WINDOWS\SYSTEM32\POWRPROF.dll
0x00007ffef3260000 - 0x00007ffef3294000 	C:\WINDOWS\SYSTEM32\WINMM.dll
0x00007ffef0960000 - 0x00007ffef096a000 	C:\WINDOWS\SYSTEM32\VERSION.dll
0x00007ffef8440000 - 0x00007ffef8453000 	C:\WINDOWS\SYSTEM32\UMPDC.dll
0x00007ffef7740000 - 0x00007ffef7758000 	C:\WINDOWS\SYSTEM32\kernel.appcore.dll
0x00007ffef4070000 - 0x00007ffef407a000 	C:\Users\Neo\.p2\pool\plugins\org.eclipse.justj.openjdk.hotspot.jre.full.win32.x86_64_21.0.6.v20250130-0529\jre\bin\jimage.dll
0x00007ffee9ca0000 - 0x00007ffee9ed2000 	C:\WINDOWS\SYSTEM32\DBGHELP.DLL
0x00007ffef92b0000 - 0x00007ffef9640000 	C:\WINDOWS\System32\combase.dll
0x00007ffef99b0000 - 0x00007ffef9a87000 	C:\WINDOWS\System32\OLEAUT32.dll
0x00007ffee9380000 - 0x00007ffee93b2000 	C:\WINDOWS\SYSTEM32\dbgcore.DLL
0x00007ffef9100000 - 0x00007ffef917b000 	C:\WINDOWS\System32\bcryptPrimitives.dll
0x00007ffed0320000 - 0x00007ffed033f000 	C:\Users\Neo\.p2\pool\plugins\org.eclipse.justj.openjdk.hotspot.jre.full.win32.x86_64_21.0.6.v20250130-0529\jre\bin\java.dll

dbghelp: loaded successfully - version: 4.0.5 - missing functions: none
symbol engine: initialized successfully - sym options: 0x614 - pdb path: .;C:\Users\Neo\.p2\pool\plugins\org.eclipse.justj.openjdk.hotspot.jre.full.win32.x86_64_21.0.6.v20250130-0529\jre\bin;C:\WINDOWS\SYSTEM32;C:\Program Files\Bitdefender\Bitdefender Security\bdhkm\dlls_267531892303423452;C:\Program Files\Bitdefender\Bitdefender Security\atcuf\dlls_267673781231227090;C:\WINDOWS\WinSxS\amd64_microsoft.windows.common-controls_6595b64144ccf1df_6.0.22621.4830_none_270fe7d773858e80;C:\Users\Neo\.p2\pool\plugins\org.eclipse.justj.openjdk.hotspot.jre.full.win32.x86_64_21.0.6.v20250130-0529\jre\bin\server

VM Arguments:
jvm_args: -Dfile.encoding=UTF-8 -Dstdout.encoding=UTF-8 -Dstderr.encoding=UTF-8 -XX:+ShowCodeDetailsInExceptionMessages 
java_command: jeu.Jeu
java_class_path (initial): C:\Users\Neo\eclipse-workspace\LesPirates\bin
Launcher Type: SUN_STANDARD

[Global flags]
     intx CICompilerCount                          = 12                                        {product} {ergonomic}
     uint ConcGCThreads                            = 4                                         {product} {ergonomic}
     uint G1ConcRefinementThreads                  = 15                                        {product} {ergonomic}
   size_t G1HeapRegionSize                         = 4194304                                   {product} {ergonomic}
    uintx GCDrainStackTargetSize                   = 64                                        {product} {ergonomic}
   size_t InitialHeapSize                          = 536870912                                 {product} {ergonomic}
   size_t MarkStackSize                            = 4194304                                   {product} {ergonomic}
   size_t MaxHeapSize                              = 8556380160                                {product} {ergonomic}
   size_t MinHeapDeltaBytes                        = 4194304                                   {product} {ergonomic}
   size_t MinHeapSize                              = 8388608                                   {product} {ergonomic}
    uintx NonNMethodCodeHeapSize                   = 7602480                                {pd product} {ergonomic}
    uintx NonProfiledCodeHeapSize                  = 122027880                              {pd product} {ergonomic}
    uintx ProfiledCodeHeapSize                     = 122027880                              {pd product} {ergonomic}
    uintx ReservedCodeCacheSize                    = 251658240                              {pd product} {ergonomic}
     bool SegmentedCodeCache                       = true                                      {product} {ergonomic}
     bool ShowCodeDetailsInExceptionMessages       = true                                   {manageable} {command line}
   size_t SoftMaxHeapSize                          = 8556380160                             {manageable} {ergonomic}
     bool UseCompressedOops                        = true                           {product lp64_product} {ergonomic}
     bool UseG1GC                                  = true                                      {product} {ergonomic}
     bool UseLargePagesIndividualAllocation        = false                                  {pd product} {ergonomic}

Logging:
Log output configuration:
 #0: stdout all=warning uptime,level,tags foldmultilines=false
 #1: stderr all=off uptime,level,tags foldmultilines=false

Environment Variables:
PATH=C:/Users/Neo/.p2/pool/plugins/org.eclipse.justj.openjdk.hotspot.jre.full.win32.x86_64_21.0.6.v20250130-0529/jre/bin/server;C:/Users/Neo/.p2/pool/plugins/org.eclipse.justj.openjdk.hotspot.jre.full.win32.x86_64_21.0.6.v20250130-0529/jre/bin;C:\Program Files (x86)\Common Files\Oracle\Java\javapath;C:\Windows\system32;C:\Windows;C:\Windows\System32\Wbem;C:\Windows\System32\WindowsPowerShell\v1.0\;C:\Windows\System32\OpenSSH\;C:\Program Files (x86)\NVIDIA Corporation\PhysX\Common;C:\WINDOWS\system32;C:\WINDOWS;C:\WINDOWS\System32\Wbem;C:\WINDOWS\System32\WindowsPowerShell\v1.0\;C:\WINDOWS\System32\OpenSSH\;C:\Program Files\Git\cmd;C:\Program Files\PuTTY\;C:\Program Files\NVIDIA Corporation\NVIDIA app\NvDLISR;C:\Users\Neo\AppData\Local\Programs\Python\Python312\Scripts\;C:\Users\Neo\AppData\Local\Programs\Python\Python312\;C:\Users\Neo\AppData\Local\Microsoft\WindowsApps;C:\Users\Neo\AppData\Local\GitHubDesktop\bin;C:\Users\Neo\AppData\Local\Programs\Microsoft VS Code\bin;C:\WINDOWS\system32;
USERNAME=Neo
OS=Windows_NT
PROCESSOR_IDENTIFIER=Intel64 Family 6 Model 165 Stepping 5, GenuineIntel
TMP=C:\Users\Neo\AppData\Local\Temp
TEMP=C:\Users\Neo\AppData\Local\Temp




Periodic native trim disabled

---------------  S Y S T E M  ---------------

OS:
 Windows 11 , 64 bit Build 22621 (10.0.22621.4830)
OS uptime: 0 days 13:14 hours
Hyper-V role detected

CPU: total 20 (initial active 20) (10 cores per cpu, 2 threads per core) family 6 model 165 stepping 5 microcode 0xe2, cx8, cmov, fxsr, ht, mmx, 3dnowpref, sse, sse2, sse3, ssse3, sse4.1, sse4.2, popcnt, lzcnt, tsc, tscinvbit, avx, avx2, aes, erms, clmul, bmi1, bmi2, adx, fma, vzeroupper, clflush, clflushopt, hv, rdtscp, f16c
Processor Information for the first 20 processors :
  Max Mhz: 3696, Current Mhz: 3696, Mhz Limit: 3696

Memory: 4k page, system-wide physical 32637M (15846M free)
TotalPageFile size 57031M (AvailPageFile size 415M)
current process WorkingSet (physical memory assigned to process): 14M, peak: 14M
current process commit charge ("private bytes"): 78M, peak: 590M

vm_info: OpenJDK 64-Bit Server VM (21.0.6+7-LTS) for windows-amd64 JRE (21.0.6+7-LTS), built on 2025-01-21T00:00:00Z by "admin" with MS VC++ 17.7 (VS2022)

END.
